This is XeTeXk, Version 3.1415926-2.2-0.999.6 (Web2C 7.5.7) (format=xelatex 2008.12.28)  27 SEP 2009 14:32
entering extended mode
 %&-line parsing enabled.
**demo1.tex
(./demo1.tex
LaTeX2e <2005/12/01>
Babel <v3.8l> and hyphenation patterns for english, usenglishmax, dumylang, noh
yphenation, german-x-2008-06-18, ngerman-x-2008-06-18, ancientgreek, ibycus, ar
abic, basque, bulgarian, catalan, pinyin, coptic, croatian, czech, danish, dutc
h, esperanto, estonian, farsi, finnish, french, galician, german, ngerman, mono
greek, greek, hungarian, icelandic, indonesian, interlingua, irish, italian, la
tin, lithuanian, mongolian, mongolian2a, bokmal, nynorsk, polish, portuguese, r
omanian, russian, sanskrit, serbian, slovak, slovenian, spanish, swedish, turki
sh, ukenglish, ukrainian, uppersorbian, welsh, loaded.
(/usr/local/texlive/2008/texmf-dist/tex/latex/base/article.cls
Document Class: article 2005/09/16 v1.4f Standard LaTeX document class
(/usr/local/texlive/2008/texmf-dist/tex/latex/base/size12.clo
File: size12.clo 2005/09/16 v1.4f Standard LaTeX file (size option)
)
\c@part=\count79
\c@section=\count80
\c@subsection=\count81
\c@subsubsection=\count82
\c@paragraph=\count83
\c@subparagraph=\count84
\c@figure=\count85
\c@table=\count86
\abovecaptionskip=\skip41
\belowcaptionskip=\skip42
\bibindent=\dimen102
)
(/usr/local/texlive/2008/texmf-dist/tex/latex/geometry/geometry.sty
Package: geometry 2008/12/21 v4.2 Page Geometry

(/usr/local/texlive/2008/texmf-dist/tex/latex/graphics/keyval.sty
Package: keyval 1999/03/16 v1.13 key=value parser (DPC)
\KV@toks@=\toks14
)
(/usr/local/texlive/2008/texmf-dist/tex/generic/oberdiek/ifpdf.sty
Package: ifpdf 2007/12/12 v1.6 Provides the ifpdf switch (HO)
Package ifpdf Info: pdfTeX in pdf mode not detected.
)
(/usr/local/texlive/2008/texmf-dist/tex/generic/oberdiek/ifvtex.sty
Package: ifvtex 2008/11/04 v1.4 Switches for detecting VTeX and its modes (HO)
Package ifvtex Info: VTeX not detected.
)
\Gm@cnth=\count87
\Gm@cntv=\count88
\c@Gm@tempcnt=\count89
\Gm@bindingoffset=\dimen103
\Gm@wd@mp=\dimen104
\Gm@odd@mp=\dimen105
\Gm@even@mp=\dimen106
\Gm@dimlist=\toks15

(/usr/local/texlive/2008/texmf-dist/tex/xelatex/xetexconfig/geometry.cfg))
(/usr/local/texlive/2008/texmf-dist/tex/latex/graphics/graphicx.sty
Package: graphicx 1999/02/16 v1.0f Enhanced LaTeX Graphics (DPC,SPQR)

(/usr/local/texlive/2008/texmf-dist/tex/latex/graphics/graphics.sty
Package: graphics 2006/02/20 v1.0o Standard LaTeX Graphics (DPC,SPQR)

(/usr/local/texlive/2008/texmf-dist/tex/latex/graphics/trig.sty
Package: trig 1999/03/16 v1.09 sin cos tan (DPC)
)
(/usr/local/texlive/2008/texmf/tex/latex/config/graphics.cfg
File: graphics.cfg 2007/01/18 v1.5 graphics configuration of teTeX/TeXLive
)
Package graphics Info: Driver file: xetex.def on input line 90.

(/usr/local/texlive/2008/texmf-dist/tex/xelatex/xetex-def/xetex.def
File: xetex.def 2006/08/10 v0.92 LaTeX color/graphics driver for XeTeX (RRM, mo
d. JK)
))
\Gin@req@height=\dimen107
\Gin@req@width=\dimen108
)

! LaTeX Error: File `amslatex.sty' not found.

Type X to quit or <RETURN> to proceed,
or enter new name. (Default extension: sty)

Enter file name: 
! Emergency stop.
<read *> 
         
l.14 \usepackage
                {amssymb}^^M
End of file on the terminal!

 
Here is how much of TeX's memory you used:
 924 strings out of 494701
 12525 string characters out of 1164828
 61711 words of memory out of 3000000
 4197 multiletter control sequences out of 10000+50000
 3938 words of font info for 15 fonts, out of 3000000 for 5000
 669 hyphenation exceptions out of 8191
 25i,0n,19p,221b,36s stack positions out of 5000i,500n,10000p,200000b,50000s
No pages of output.

)
\inf@bad=\count90
LaTeX Info: Redefining \frac on input line 211.
\uproot@=\count91
\leftroot@=\count92
LaTeX Info: Redefining \overline on input line 307.
\classnum@=\count93
\DOTSCASE@=\count94
LaTeX Info: Redefining \ldots on input line 379.
LaTeX Info: Redefining \dots on input line 382.
LaTeX Info: Redefining \cdots on input line 467.
\Mathstrutbox@=\box26
\strutbox@=\box27
\big@size=\dimen111
LaTeX Fonfo: Redefining \addtolength on input line 76.
\calc@Ccount=\count96
\calc@Cskip=\skip45
)
(/usr/local/texlive/2008/texmf-dist/tex/latex/xkeyval/xkeyval.sty
Package: xkeyval 2008/08/13 v2.6a package option processing (HA)

(/usr/local/texlive/2008/texmf-dist/tex/generic/xkeyval/xkeyval.tex
\XKV@toks=\toks17
\XKV@tempa@toks=\toks18
\XKV@depth=\count97
File: xkeyval.tex 2008/08/13 v2.6a key=value parser (HA)
))
(/usr/local/texlive/2008/texmf-dist/tex/latex/base/fontenc.sty
Package: fontenc 2005/09/27 v1.99g Standard LaTeX package

(/usr/local/texlive/2008/texmf-dist/tex/xelatex/euenc/eu1enc.def
File: eu1enc.def 2008/03/08 v0.1d Experimental unicode font encoding
)
LaTeX Font Info:    Try loading font information for EU1+lmr on input line 100.


(/usr/local/texlive/2008/texmf-dist/tex/xelatex/euenc/eu1lmr.fd
File: eu1lmr.fd 2007/01/14 v1.3 Font defs for Latin Modern
))
LaTeX Info: Redefining \itshape on input line 1163.
LaTeX Info: Redefining \slshape on input line 1166.
LaTeX Info: Redefining \scshape on input line 1169.
LaTeX Info: Redefining \upshape on input line 1172.

fontspec.cfg loaded.
(/usr/local/texlive/2008/texmf-dist/tex/xelatex/fontspec/fontspec.cfg))
(/usr/local/texlive/2008/texmf-dist/tex/xelatex/xltxtra/xltxtra.sty
Package: xltxtra 2008/07/29 v0.4 Improvements for the "XeLaTeX" format

(/usr/local/texlive/2008/texmf-dist/tex/xelatex/xunicode/xunicode.sty
File: xunicode.sty 2008/02/08 v0.91 provides access to latin accents and many o
ther characters in Unicode lower plane
)
LaTeX Info: Redefining \TeX on input line 42.
LaTeX Info: Redefining \LaTeX on input line 48.

(/usr/local/texlive/2008/texmf-dist/tex/latex/etex-pkg/etex.sty
Package: etex 1998/03/26 v2.0 eTeX basic definition package (PEB)
\et@xins=\count98
)
(/usr/local/texlive/2008/texmf-dist/tex/latex/base/fixltx2e.sty
Package: fixltx2e 2006/03/24 v1.1n fixes to LaTeX
LaTeX Info: Redefining \em on input line 420.
)
LaTeX Info: Redefining \em on input line 117.
LaTeX Info: Redefining \emph on input line 126.
LaTeX Info: Redefining \- on input line 131.
LaTeX Info: Redefining \textsubscript on input line 150.
LaTeX Info: Redefining \textsuperscript on input line 152.
\xxt@tempbox=\box26
)
! Font \zf@basefont="New Century Schoolbook" at 10.0pt not loadable: Metric (TF
M) file or installed font not found.
\zf@fontspec ...ntname \zf@suffix " at \f@size pt 
                                                  \unless \ifzf@icu \zf@set@...
l.17 ...umbers={OldStyle}]{New Century Schoolbook}
                                                  
? 
! Emergency stop.
\zf@fontspec ...ntname \zf@suffix " at \f@size pt 
                                                  \unless \ifzf@icu \zf@set@...
l.17 ...umbers={OldStyle}]{New Century Schoolbook}
                                                  
End of file on the terminal!

 
Here is how much of TeX's memory you used:
 5555 strings out of 494701
 89222 string characters out of 1164828
 160429 words of memory out of 3000000
 8774 multiletter control sequences out of 10000+50000
 3648 words of font info for 15 fonts, out of 3000000 for 5000
 669 hyphenation exceptions out of 8191
 27i,0n,29p,469b,88s stack positions out of 5000i,500n,10000p,200000b,50000s
No pages of output.
fo: Redefining \TeX on input line 42.
LaTeX Info: Redefining \LaTeX on input line 48.

(/usr/local/texlive/2008/texmf-dist/tex/latex/etex-pkg/etex.sty
Package: etex 1998/03/26 v2.0 eTeX basic definition package (PEB)
\et@xins=\count110
)
(/usr/local/texlive/2008/texmf-dist/tex/latex/base/fixltx2e.sty
Package: fixltx2e 2006/03/24 v1.1n fixes to LaTeX
LaTeX Info: Redefining \em on input line 420.
LaTeX Info: The control sequence `\[' is already robust on input line 471.
LaTeX Info: The control sequence `\]' is already robust on input line 472.
)
LaTeX Info: Redefining \em on input line 117.
LaTeX Info: Redefining \emph on input line 126.
LaTeX Info: Redefining \- on input line 131.
LaTeX Info: Redefining \textsubscript on input line 150.
LaTeX Info: Redefining \textsuperscript on input line 152.
\xxt@tempbox=\box28
)
\c@zf@famc@LTC Village No.2 Pro=\ Roman" at 10.0pt not loadable: Metric (TFM) f
ile or installed font not found.
\zf@fontspec ...ntname \zf@suffix " at \f@size pt 
                                                  \unless \ifzf@icu \zf@set@...
l.18 ...xt,Numbers={OldStyle}]{Hoefler Text Roman}
                                                  
? 
! Emergency stop.
\zf@fontspec ...ntname \zf@suffix " at \f@size pt 
                                                  \unless \ifzf@icu \zf@set@...
l.18 ...xt,Numbers={OldStyle}]{Hoefler Text Roman}
                                                  
End of file on the terminal!

 
Here is how much of TeX's memory you used:
 6140 strings out of 494701
 95816 string characters out of 1164828
 170850 words of memory out of 3000000
 9342 multiletter control sequences out of 10000+50000
 3946 words of font info for 16 fonts, out of 3000000 for 5000
 669 hyphenation exceptions out of 8191
 27i,0n,29p,469b,88s stack positions out of 5000i,500n,10000p,200000b,50000s
No pages of output.
 20.
Package fontspec Info: Andale Mono scale = 0.72823 on input line 20.
Package fontspec Info: Could not resolve font Andale Mono/B (it might not exist
) on input line 20.
Package fontspec Info: Could not resolve font Andale Mono/I (it might not exist
) on input line 20.
Package fontspec Info: Could not resolve font Andale Mono/BI (it might not exis
t) on input line 20.

(/usr/local/texlive/2008/texmf-dist/tex/latex/base/shortvrb.sty
Package: shortvrb 2006/02/02 v2.1d Standard LaTeX documentation package (FMi)
)
(/usr/local/texlive/2008/texmf-dist/tex/latex/fancyhdr/fancyhdr.sty
\fancy@headwidth=\skip49
\f@ncyO@elh=\skip50
\f@ncyO@erh=\skip51
\f@ncyO@olh=\skip52
\f@ncyO@orh=\skip53
\f@ncyO@elf=\skip54
\f@ncyO@erf=\skip55
\f@ncyO@olf=\skip56
\f@ncyO@orf=\skip57
)
(/usr/local/texlive/2008/texmf-dist/tex/latex/fancyvrb/fancyvrb.sty
Package: fancyvrb 2008/02/07

Style option: `fancyvrb' v2.7a, with DG/SPQR fixes, and firstline=lastline fix 
<2008/02/07> (tvz)
\FV@CodeLineNo=\count114
\FV@InFile=\read1
\FV@TabBox=\box29
\c@FancyVerbLine=\count115
\FV@StepNumber=\count116
\FV@OutFile=\write3
) (./demo1.aux)
\openout1 = `demo1.aux'.

LaTeX Font Info:    Checking defaults for OML/cmm/m/it on input line 30.
LaTeX Font Info:    ... okay on input line 30.
LaTeX Font Info:    Checking defaults for T1/cmr/m/n on input line 30.
LaTeX Font Info:    ... okay on input line 30.
LaTeX Font Info:    Checking defaults for OT1/cmr/m/n on input line 30.
LaTeX Font Info:    ... okay on input line 30.
LaTeX Font Info:    Checking defaults for OMS/cmsy/m/n on input line 30.
LaTeX Font Info:    ... okay on input line 30.
LaTeX Font Info:    Checking defaults for OMX/cmex/m/n on input line 30.
LaTeX Font Info:    ... okay on input line 30.
LaTeX Font Info:    Checking defaults for U/cmr/m/n on input line 30.
LaTeX Font Info:    ... okay on input line 30.
LaTeX Font Info:    Checking defaults for EU1/lmr/m/n on input line 30.
LaTeX Font Info:    ... okay on input line 30.

*geometry detected driver: pdftex*
-------------------- Geometry parameters
paper: letterpaper
landscape: --
twocolumn: --
twoside: --
asymmetric: --
h-parts: 92.14519pt, 0.7\paperwidth , 92.14519pt (default)
v-parts: 95.39737pt, 0.7\paperheight , 143.09605pt (default)
hmarginratio: 1:1
vmarginratio: 2:3
lines: --
heightrounded: --
bindingoffset: 0.0pt
truedimen: --
includehead: --
includefoot: --
includemp: --
driver: pdftex
-------------------- Page layout dimensions and switches
\paperwidth  614.295pt
\paperheight 794.96999pt
\textwidth  430.00462pt
\textheight 556.47656pt
\oddsidemargin  19.8752pt
\evensidemargin 19.8752pt
\topmargin  -13.87262pt
\headheight 12.0pt
\headsep    25.0pt
\footskip   30.0pt
\marginparwidth 44.0pt
\marginparsep   10.0pt
\columnsep  10.0pt
\skip\footins  10.8pt plus 4.0pt minus 2.0pt
\hoffset 0.0pt
\voffset 0.0pt
\mag 1000

(1in=72.27pt, 1cm=28.45pt)
-----------------------
Package fontspec Info: Adjusting the maths setup (use [no-math] to avoid this).
 on input line 30.
\symlegacymaths=\mathgroup6
LaTeX Font Info:    Overwriting symbol font `legacymaths' in versih version `normal' on input line 29.
LaTeX Font Info:    Overwriting symbol font `operators' in version `normal'
(Font)                  OT1/cmr/m/n --> EU1/LTCVillageNo.2Pro(0)/m/n on input l
ine 29.
LaTeX Font Info:    Encoding `OT1' has changed to `EU1' for symbol font
(Font)              `operators' in the math version `bold' on input line 29.
LaTeX Font Info:    Overwriting symbol font `operators' in version `bold'
(Font)                  OT1/cmr/bx/n --> EU1/LTCVillageNo.2Pro(0)/m/n on input 
line 29.
LaTeX Font Info:    Overwriting symbol font `operators' in version `normal'
(Font)                  EU1/LTCVillageNo.2Pro(0)/m/n --> EU1/LTCVillageNo.2Pro(
0)/m/n on input line 29.
LaTeX Font Info:    Overwriting math alphabet `\mathrm' in version `normal'
(Font)                  EU1/LTCVillageNo.2Pro(0)/m/n --> EU1/LTCVillageNo.2Pro(
0)/m/n on input line 29.
LaTeX Font Info:    Overwriting math alphabet `\mathit' in version `normal'
(Font)                  OT1/cmr/m/it --> EU1/LTCVillageNo.2Pro(0)/m/it on input
 line 29.
LaTeX Font Info:    Overwriting math alphabet `\mathbf' in version `normal'
(Font)                  OT1/cmr/bx/n --> EU1/LTCVillageNo.2Pro(0)/bx/n on input
 line 29.
LaTeX Font Info:    Overwriting math alphabet `\mathsf' in version `normal'
(Font)                  OT1/cmss/m/n --> EU1/GillSans(0)/m/n on input line 29.
LaTeX Font Info:    Overwriting math alphabet `\mathtt' in version `normal'
(Font)                  OT1/cmtt/m/n --> EU1/AndaleMono(0)/m/n on input line 29
.
LaTeX Font Info:    Overwriting symbol font `operators' in version `bold'
(Font)                  EU1/LTCVillageNo.2Pro(0)/m/n --> EU1/LTCVillageNo.2Pro(
0)/bx/n on input line 29.
LaTeX Font Info:    Overwriting math alphabet `\mathrm' in version `bold'
(Font)                  EU1/LTCVillageNo.2Pro(0)/m/n --> EU1/LTCVillageNo.2Pro(
0)/bx/n on input line 29.
LaTeX Font Info:    Overwriting math alphabet `\mathit' in version `bold'
(Font)                  OT1/cmr/bx/it --> EU1/LTCVillageNo.2Pro(0)/bx/it on inp
ut line 29.
LaTeX Font Info:    Overwriting math alphabet `\mathsf' in version `bold'
(Font)                  OT1/cmss/bx/n --> EU1/GillSans(0)/bx/n on input line 29
.
LaTeX Font Info:    Overwriting math alphabet `\mathtt' in version `bold'
(Font)                  OT1/cmtt/m/n --> EU1/AndaleMono(0)/bx/n on input line 2
9.
LaTeX Font Info:    Try loading font information for U+msa on input line 30.
(/usr/local/texlive/2008/texmf-dist/tex/latex/amsfonts/umsa.fd
File: umsa.fd 2002/01/19 v2.2g AMS font definitions
)
LaTeX Font Info:    Try loading font information for U+msb on input line 30.

(/usr/local/texlive/2008/texmf-dist/tex/latex/amsfonts/umsb.fd
File: umsb.fd 2002/01/19 v2.2g AMS font definitions
)
Package shortvrb Info: Made | a short reference for \verb on input line 31.
LaTeX Font Info:    Font shape `EU1/LTCVillageNo.2Pro(0)/bx/n' undefined
(Font)              using `EU1/LTCVillageNo.2Pro(0)/m/n' instead on input line 
33.
 [1

]
! Undefined control sequence.
l.53       & \text
                  {a}, \\
? 
! Emergency stop.
l.53       & \text
                  {a}, \\
End of file on the terminal!

 
Here is how much of TeX's memory you used:
 6274 strings out of 494701
 101620 string characters out of 1164828
 175913 words of memory out of 3000000
 9418 multiletter control sequences out of 10000+50000
 11053 words of font info for 63 fonts, out of 3000000 for 5000
 669 hyphenation exceptions out of 8191
 28i,6n,68p,1042b,275s stack positions out of 5000i,500n,10000p,200000b,50000s
Output written on demo1.pdf (1 page).
 how much of TeX's memory you used:
 6276 strings out of 494701
 101769 string characters out of 1164828
 175913 words of memory out of 3000000
 9419 multiletter control sequences out of 10000+50000
 11053 words of font info for 63 fonts, out of 3000000 for 5000
 669 hyphenation exceptions out of 8191
 28i,6n,68p,1042b,275s stack positions out of 5000i,500n,10000p,200000b,50000s
Output written on demo1.pdf (1 page).
riting math alphabet `\mathtt' in version `bold'
(Font)                  OT1/cmtt/m/n --    OT1/cmtt/m/n --> EU1/AndaleMono(0)/bx/n on input line 3
0.
LaTeX Font Info:    Try loading font information for U+msa on input line 31.
(/usr/local/texlive/2008/texmf-dist/tex/latex/amsfonts/umsa.fd
File: umsa.fd 2002/01/19 v2.2g AMS font definitions
)
LaTeX Font Info:    Try loading font information for U+msb on input line 31.

(/usr/local/texlive/2008/texmf-dist/tex/latex/amsfonts/umsb.fd
File: umsb.fd 2002/01/19 v2.2g AMS font definitions
)
Package shortvrb Info: Made | a short reference for \verb on input line 32.
LaTeX Font Info:    Font shape `EU1/LTCVillageNo.2Pro(0)/bx/n' undefined
(Font)              using `EU1/LTCVillageNo.2Pro(0)/m/n' instead on input line 
34.
 [1

]
! Missing delimiter (. inserted).
<to be read again> 
                   {
l.53 f(x_{1}, x_{2}, x_{3}) = \left \Big\{
                                           \begin{array}{ll} \frac{c_{1}x_{2...

? 
! Emergency stop.
<to be read again> 
                   {
l.53 f(x_{1}, x_{2}, x_{3}) = \left \Big\{
                                           \begin{array}{ll} \frac{c_{1}x_{2...
End of file on the terminal!

 
Here is how much of TeX's memory you used:
 6857 strings out of 494701
 108199 string characters out of 1164828
 186209 words of memory out of 3000000
 9985 multiletter control sequences out of 10000+50000
 11053 words of font info for 63 fonts, out of 3000000 for 5000
 669 hyphenation exceptions out of 8191
 28i,6n,68p,1042b,275s stack positions out of 5000i,500n,10000p,200000b,50000s
Output written on demo1.pdf (1 page).
n demo1.pdf (1 page).
ation exceptions out of 8191
 28i,8n,68p,1042b,275s stack positions out of 5000i,500n,10000p,200000b,50000s
Output written on demo1.pdf (1 page).
enation exceptions out of 8191
 28i,8n,68p,1042b,275s stack positions out of 5000i,500n,10000p,200000b,50000s
Output written on demo1.pdf (1 page).
ation, root-mean-square-deviation,
 or a more domain-specific
 []

[3] [4]
Overfull \hbox (45.54932pt too wide) in paragraph at lines 96--97
[]\EU1/Palatino(0)/m/n/12 She decides to use all these built-in Nudge functions
: []\EU1/AndaleMono(0)/m/n/12 float_divide\EU1/Palatino(0)/m/n/12 , []\EU1/Anda
leMono(0)/m/n/12 float_multiply\EU1/Palatino(0)/m/n/12 ,
 []


Overfull \hbox (12.39296pt too wide) in paragraph at lines 96--97
[]\EU1/AndaleMono(0)/m/n/12 int_divide\EU1/Palatino(0)/m/n/12 , []\EU1/AndaleMo
no(0)/m/n/12 int_multiply\EU1/Palatino(0)/m/n/12 , []\EU1/AndaleMono(0)/m/n/12 
int_add\EU1/Palatino(0)/m/n/12 , []\EU1/AndaleMono(0)/m/n/12 int_subtract\EU1/P
alatino(0)/m/n/12 , []\EU1/AndaleMono(0)/m/n/12 int_sqrt\EU1/Palatino(0)/m/n/12
 , []\EU1/AndaleMono(0)/m/n/12 float_fromint\EU1/Palatino(0)/m/n/12 ,
 []


Overfull \hbox (1.52191pt too wide) in paragraph at lines 96--97
[]\EU1/AndaleMono(0)/m/n/12 int_fromfloat\EU1/Palatino(0)/m/n/12 , []\EU1/Andal
eMono(0)/m/n/12 float_if\EU1/Palatino(0)/m/n/12 , []\EU1/AndaleMono(0)/m/n/12 i
nt_if\EU1/Palatino(0)/m/n/12 , []\EU1/AndaleMono(0)/m/n/12 bool_and\EU1/Palatin
o(0)/m/n/12 , []\EU1/AndaleMono(0)/m/n/12 bool_or\EU1/Palatino(0)/m/n/12 , []\E
U1/AndaleMono(0)/m/n/12 bool_not\EU1/Palatino(0)/m/n/12 , and the stan-
 []

[5]
! Missing } inserted.
<inserted text> 
                }
l.116 ... process will discover that $\sin{x_{12}$
                                                   and $x_{3}\sin{x_{12}}$ a...

? 
! Emergency stop.
<inserted text> 
                }
l.116 ... process will discover that $\sin{x_{12}$
                                                   and $x_{3}\sin{x_{12}}$ a...
End of file on the terminal!

 
Here is how much of TeX's memory you used:
 6859 strings out of 494701
 107643 string characters out of 1164828
 188140 words of memory out of 3000000
 9982 multiletter control sequences out of 10000+50000
 11101 words of font info for 69 fonts, out of 3000000 for 5000
 669 hyphenation exceptions out of 8191
 28i,9n,67p,1042b,250s stack positions out of 5000i,500n,10000p,200000b,50000s
Output written on demo1.pdf (5 pages).
